<?xml version="1.0" encoding="UTF-8"?>
<!-- Generated by org.testng.reporters.JUnitReportReporter -->
<testsuite hostname="DESKTOP-0OTH8QT" failures="0" tests="1" name="forkandpullrequest.ForkAndPullRequest" time="0.014" errors="0" timestamp="2024-11-18T12:26:00 IST" skipped="0">
  <testcase classname="forkandpullrequest.ForkAndPullRequest" name="fork" time="0.014"/>
  <system-out>
    <![CDATA[ForkAndPullRequest]]>
  </system-out>
</testsuite> <!-- forkandpullrequest.ForkAndPullRequest -->
